Flow report for ChipInterface
Tue Sep 22 20:36:35 2015
Quartus II 64-Bit Version 12.1 Build 177 11/07/2012 SJ Full Version


---------------------
; Table of Contents ;
---------------------
  1. Legal Notice
  2. Flow Summary
  3. Flow Settings
  4. Flow Non-Default Global Settings
  5. Flow Elapsed Time
  6. Flow OS Summary
  7. Flow Log



----------------
; Legal Notice ;
----------------
Copyright (C) 1991-2012 Altera Corporation
Your use of Altera Corporation's design tools, logic functions 
and other software and tools, and its AMPP partner logic 
functions, and any output files from any of the foregoing 
(including device programming or simulation files), and any 
associated documentation or information are expressly subject 
to the terms and conditions of the Altera Program License 
Subscription Agreement, Altera MegaCore Function License 
Agreement, or other applicable license agreement, including, 
without limitation, that your use is for the sole purpose of 
programming logic devices manufactured by Altera and sold by 
Altera or its authorized distributors.  Please refer to the 
applicable agreement for further details.



+--------------------------------------------------------------------------------+
; Flow Summary                                                                   ;
+------------------------------------+-------------------------------------------+
; Flow Status                        ; Successful - Tue Sep 22 20:36:35 2015     ;
; Quartus II 64-Bit Version          ; 12.1 Build 177 11/07/2012 SJ Full Version ;
; Revision Name                      ; ChipInterface                             ;
; Top-level Entity Name              ; ChipInterface                             ;
; Family                             ; Cyclone IV E                              ;
; Device                             ; EP4CE115F29C7                             ;
; Timing Models                      ; Final                                     ;
; Total logic elements               ; 152 / 114,480 ( < 1 % )                   ;
;     Total combinational functions  ; 152 / 114,480 ( < 1 % )                   ;
;     Dedicated logic registers      ; 0 / 114,480 ( 0 % )                       ;
; Total registers                    ; 0                                         ;
; Total pins                         ; 77 / 529 ( 15 % )                         ;
; Total virtual pins                 ; 0                                         ;
; Total memory bits                  ; 0 / 3,981,312 ( 0 % )                     ;
; Embedded Multiplier 9-bit elements ; 0 / 532 ( 0 % )                           ;
; Total PLLs                         ; 0 / 4 ( 0 % )                             ;
+------------------------------------+-------------------------------------------+


+-----------------------------------------+
; Flow Settings                           ;
+-------------------+---------------------+
; Option            ; Setting             ;
+-------------------+---------------------+
; Start date & time ; 09/22/2015 20:36:08 ;
; Main task         ; Compilation         ;
; Revision Name     ; ChipInterface       ;
+-------------------+---------------------+


+-------------------------------------------------------------------------------------------------------------+
; Flow Non-Default Global Settings                                                                            ;
+-------------------------------------+------------------------+---------------+-------------+----------------+
; Assignment Name                     ; Value                  ; Default Value ; Entity Name ; Section Id     ;
+-------------------------------------+------------------------+---------------+-------------+----------------+
; COMPILER_SIGNATURE_ID               ; 0.144296856815256      ; --            ; --          ; --             ;
; EDA_OUTPUT_DATA_FORMAT              ; Vhdl                   ; --            ; --          ; eda_simulation ;
; EDA_SIMULATION_TOOL                 ; ModelSim-Altera (VHDL) ; <None>        ; --          ; --             ;
; MAX_CORE_JUNCTION_TEMP              ; 85                     ; --            ; --          ; --             ;
; MIN_CORE_JUNCTION_TEMP              ; 0                      ; --            ; --          ; --             ;
; NOMINAL_CORE_SUPPLY_VOLTAGE         ; 1.2V                   ; --            ; --          ; --             ;
; PARTITION_COLOR                     ; 16764057               ; --            ; --          ; Top            ;
; PARTITION_FITTER_PRESERVATION_LEVEL ; PLACEMENT_AND_ROUTING  ; --            ; --          ; Top            ;
; PARTITION_NETLIST_TYPE              ; SOURCE                 ; --            ; --          ; Top            ;
; PROJECT_OUTPUT_DIRECTORY            ; output_files           ; --            ; --          ; --             ;
+-------------------------------------+------------------------+---------------+-------------+----------------+


+-------------------------------------------------------------------------------------------------------------------------------+
; Flow Elapsed Time                                                                                                             ;
+---------------------------+--------------+-------------------------+---------------------+------------------------------------+
; Module Name               ; Elapsed Time ; Average Processors Used ; Peak Virtual Memory ; Total CPU Time (on all processors) ;
+---------------------------+--------------+-------------------------+---------------------+------------------------------------+
; Analysis & Synthesis      ; 00:00:02     ; 1.0                     ; 643 MB              ; 00:00:01                           ;
; Fitter                    ; 00:00:10     ; 2.5                     ; 1107 MB             ; 00:00:13                           ;
; Assembler                 ; 00:00:05     ; 1.0                     ; 632 MB              ; 00:00:04                           ;
; TimeQuest Timing Analyzer ; 00:00:02     ; 1.0                     ; 728 MB              ; 00:00:02                           ;
; EDA Netlist Writer        ; 00:00:01     ; 1.0                     ; 771 MB              ; 00:00:01                           ;
; Total                     ; 00:00:20     ; --                      ; --                  ; 00:00:21                           ;
+---------------------------+--------------+-------------------------+---------------------+------------------------------------+


+--------------------------------------------------------------------------------------------------+
; Flow OS Summary                                                                                  ;
+---------------------------+------------------------------+---------+------------+----------------+
; Module Name               ; Machine Hostname             ; OS Name ; OS Version ; Processor type ;
+---------------------------+------------------------------+---------+------------+----------------+
; Analysis & Synthesis      ; gorgons.andrew.local.cmu.edu ; Red Hat ; Red Hat    ; x86_64         ;
; Fitter                    ; gorgons.andrew.local.cmu.edu ; Red Hat ; Red Hat    ; x86_64         ;
; Assembler                 ; gorgons.andrew.local.cmu.edu ; Red Hat ; Red Hat    ; x86_64         ;
; TimeQuest Timing Analyzer ; gorgons.andrew.local.cmu.edu ; Red Hat ; Red Hat    ; x86_64         ;
; EDA Netlist Writer        ; gorgons.andrew.local.cmu.edu ; Red Hat ; Red Hat    ; x86_64         ;
+---------------------------+------------------------------+---------+------------+----------------+


------------
; Flow Log ;
------------
quartus_map --read_settings_files=on --write_settings_files=off lab2a -c ChipInterface
quartus_fit --read_settings_files=off --write_settings_files=off lab2a -c ChipInterface
quartus_asm --read_settings_files=off --write_settings_files=off lab2a -c ChipInterface
quartus_sta lab2a -c ChipInterface
quartus_eda --read_settings_files=off --write_settings_files=off lab2a -c ChipInterface



